<?xml version="1.0" encoding="UTF-8"?>
<!-- Generated by org.testng.reporters.JUnitReportReporter -->
<testsuite hostname="LAPTOP-07C5PU1R" failures="0" tests="1" name="com.netbanking.testcases.TC001_Login_Test" time="7.287" errors="0" timestamp="2024-07-17T16:51:41 IST" skipped="0">
  <testcase classname="com.netbanking.testcases.TC001_Login_Test" name="login_Test" time="7.287"/>
</testsuite> <!-- com.netbanking.testcases.TC001_Login_Test -->
