<?xml version="1.0" encoding="UTF-8"?>
<!-- Generated by org.testng.reporters.JUnitReportReporter -->
<testsuite hostname="LAPTOP-07C5PU1R" failures="0" tests="1" name="com.netbanking.testcases.TC003_AddNewCustomer" time="5.379" errors="0" timestamp="2024-07-23T22:14:45 IST" skipped="0">
  <testcase classname="com.netbanking.testcases.TC003_AddNewCustomer" name="Test_NewCustomer" time="5.379"/>
</testsuite> <!-- com.netbanking.testcases.TC003_AddNewCustomer -->
