<?xml version="1.0" encoding="UTF-8"?>
<!-- Generated by org.testng.reporters.JUnitReportReporter -->
<testsuite hostname="LAPTOP-07C5PU1R" failures="0" tests="1" name="com.netbanking.testcases.TC001_Login_Test" time="8.046" errors="0" timestamp="2024-07-23T15:26:01 IST" skipped="0">
  <testcase classname="com.netbanking.testcases.TC001_Login_Test" name="login_Test" time="8.046"/>
</testsuite> <!-- com.netbanking.testcases.TC001_Login_Test -->
