<?xml version="1.0" encoding="UTF-8"?>
<!-- Generated by org.testng.reporters.JUnitReportReporter -->
<testsuite hostname="LAPTOP-07C5PU1R" failures="0" tests="1" name="netbanking.tesing" time="0.025" errors="0" timestamp="2024-07-17T14:25:31 IST" skipped="0">
  <testcase classname="netbanking.tesing" name="print" time="0.025"/>
</testsuite> <!-- netbanking.tesing -->
